2025-01-24 17:16:34.425 - Запуск координатора...
2025-01-24 17:16:34.434 - Студент Student_0 будет создавать коммиты каждые 4892мс
2025-01-24 17:16:34.434 - Студент Student_1 будет создавать коммиты каждые 7127мс
2025-01-24 17:16:34.435 - Студент Student_2 будет создавать коммиты каждые 6171мс
2025-01-24 17:16:34.435 - Студент Student_3 будет создавать коммиты каждые 3184мс
2025-01-24 17:16:34.435 - Студент Student_4 будет создавать коммиты каждые 6345мс
2025-01-24 17:16:34.435 - Студент Student_5 будет создавать коммиты каждые 4187мс
2025-01-24 17:16:34.436 - Студент Student_6 будет создавать коммиты каждые 7372мс
2025-01-24 17:16:34.436 - Студент Student_7 будет создавать коммиты каждые 7267мс
2025-01-24 17:16:34.436 - Студент Student_8 будет создавать коммиты каждые 3506мс
2025-01-24 17:16:34.436 - Студент Student_9 будет создавать коммиты каждые 3020мс
2025-01-24 17:16:34.437 - Студент Student_10 будет создавать коммиты каждые 6850мс
2025-01-24 17:16:34.437 - Студент Student_11 будет создавать коммиты каждые 6580мс
2025-01-24 17:16:34.438 - Студент Student_12 будет создавать коммиты каждые 6558мс
2025-01-24 17:16:34.438 - Студент Student_13 будет создавать коммиты каждые 3072мс
2025-01-24 17:16:34.438 - Студент Student_14 будет создавать коммиты каждые 5502мс
2025-01-24 17:16:34.438 - Студент Student_15 будет создавать коммиты каждые 6085мс
2025-01-24 17:16:34.439 - Студент Student_16 будет создавать коммиты каждые 2555мс
2025-01-24 17:16:34.439 - Студент Student_17 будет создавать коммиты каждые 4971мс
2025-01-24 17:16:34.439 - Студент Student_18 будет создавать коммиты каждые 5627мс
2025-01-24 17:16:34.439 - Студент Student_19 будет создавать коммиты каждые 7248мс
2025-01-24 17:16:34.439 - Студент Student_20 будет создавать коммиты каждые 5402мс
2025-01-24 17:16:34.439 - Студент Student_21 будет создавать коммиты каждые 3578мс
2025-01-24 17:16:34.439 - Студент Student_22 будет создавать коммиты каждые 7338мс
2025-01-24 17:16:34.440 - Студент Student_23 будет создавать коммиты каждые 2734мс
2025-01-24 17:16:34.440 - Студент Student_24 будет создавать коммиты каждые 3574мс
2025-01-24 17:16:34.440 - Студент Student_25 будет создавать коммиты каждые 5456мс
2025-01-24 17:16:34.440 - Студент Student_26 будет создавать коммиты каждые 4681мс
2025-01-24 17:16:34.441 - Студент Student_27 будет создавать коммиты каждые 3986мс
2025-01-24 17:16:34.441 - Студент Student_28 будет создавать коммиты каждые 5264мс
2025-01-24 17:16:34.441 - Студент Student_29 будет создавать коммиты каждые 2517мс
2025-01-24 17:16:34.442 - Инициализировано: 30 студентов, 5 CI/CD процессоров, 4 преподавателей
2025-01-24 17:16:34.460 - Студент Student_16 создал коммит 832329a8
2025-01-24 17:16:34.460 - Студент Student_0 создал коммит 90fb89de
2025-01-24 17:16:34.460 - Студент Student_17 создал коммит bd3cb880
2025-01-24 17:16:34.460 - Студент Student_28 создал коммит 680238ef
2025-01-24 17:16:34.463 - CI/CD CiCd_3 начал обработку коммита 680238ef
2025-01-24 17:16:34.460 - Студент Student_15 создал коммит 330a103c
2025-01-24 17:16:34.460 - Студент Student_9 создал коммит 4d089b1c
2025-01-24 17:16:34.460 - Студент Student_19 создал коммит 666c3f2e
2025-01-24 17:16:34.460 - Студент Student_21 создал коммит 117daa22
2025-01-24 17:16:34.460 - Студент Student_11 создал коммит 191ab2fe
2025-01-24 17:16:34.460 - Студент Student_3 создал коммит 74d52ccf
2025-01-24 17:16:34.460 - Студент Student_6 создал коммит a0ad5787
2025-01-24 17:16:34.460 - Студент Student_2 создал коммит 3639c939
2025-01-24 17:16:34.460 - Студент Student_14 создал коммит f5f6d964
2025-01-24 17:16:34.460 - Студент Student_8 создал коммит e5929c42
2025-01-24 17:16:34.460 - Студент Student_1 создал коммит 666a622a
2025-01-24 17:16:34.461 - Студент Student_13 создал коммит 8d4da680
2025-01-24 17:16:34.461 - Студент Student_25 создал коммит e0143e48
2025-01-24 17:16:34.461 - Студент Student_4 создал коммит 3c7e16d1
2025-01-24 17:16:34.461 - Студент Student_7 создал коммит 7506829e
2025-01-24 17:16:34.461 - Студент Student_27 создал коммит af97cd8a
2025-01-24 17:16:34.461 - Студент Student_20 создал коммит 4156947d
2025-01-24 17:16:34.461 - Студент Student_22 создал коммит 6e9ff772
2025-01-24 17:16:34.461 - Студент Student_12 создал коммит 36fb10a3
2025-01-24 17:16:34.461 - Студент Student_24 создал коммит 547fb45c
2025-01-24 17:16:34.461 - Студент Student_29 создал коммит 38708cbe
2025-01-24 17:16:34.461 - Студент Student_18 создал коммит 1e16612d
2025-01-24 17:16:34.462 - CI/CD CiCd_0 начал обработку коммита 90fb89de
2025-01-24 17:16:34.462 - CI/CD CiCd_3 начал обработку коммита 832329a8
2025-01-24 17:16:34.462 - Студент Student_26 создал коммит 8218dce1
2025-01-24 17:16:34.462 - CI/CD CiCd_3 начал обработку коммита bd3cb880
2025-01-24 17:16:34.462 - Студент Student_23 создал коммит a9e54079
2025-01-24 17:16:34.462 - Студент Student_10 создал коммит 28f8ddca
2025-01-24 17:16:34.460 - Студент Student_5 создал коммит ae231e2a
2025-01-24 17:16:34.464 - CI/CD CiCd_4 начал обработку коммита 330a103c
2025-01-24 17:16:36.238 - CI/CD CiCd_3 отправил коммит 832329a8 преподавателю | Тесты прошли
2025-01-24 17:16:36.243 - Преподаватель Teacher_3 начал проверку коммита 832329a8
2025-01-24 17:16:36.246 - CI/CD CiCd_3 начал обработку коммита 4d089b1c
2025-01-24 17:16:36.411 - CI/CD CiCd_0 отправил коммит 90fb89de преподавателю | Тесты прошли
2025-01-24 17:16:36.411 - Преподаватель Teacher_2 начал проверку коммита 90fb89de
2025-01-24 17:16:36.411 - CI/CD CiCd_0 начал обработку коммита 666c3f2e
2025-01-24 17:16:36.562 - Преподаватель Teacher_0 начал проверку коммита 680238ef
2025-01-24 17:16:36.562 - CI/CD CiCd_3 отправил коммит 680238ef преподавателю | Тесты прошли
2025-01-24 17:16:36.565 - CI/CD CiCd_3 начал обработку коммита 117daa22
2025-01-24 17:16:36.824 - CI/CD CiCd_4 отправил коммит 330a103c преподавателю | Тесты прошли
2025-01-24 17:16:36.824 - Преподаватель Teacher_1 начал проверку коммита 330a103c
2025-01-24 17:16:36.825 - CI/CD CiCd_3 начал обработку коммита 191ab2fe
2025-01-24 17:16:37.423 - CI/CD CiCd_3 отправил коммит bd3cb880 преподавателю | Тесты прошли
2025-01-24 17:16:37.424 - CI/CD CiCd_4 начал обработку коммита 74d52ccf
2025-01-24 17:16:37.672 - Студент Student_23 создал коммит d5c3ee97
2025-01-24 17:16:37.768 - Студент Student_16 создал коммит e55fec7b
2025-01-24 17:16:37.995 - Студент Student_3 создал коммит 4aa8d269
2025-01-24 17:16:38.375 - Студент Student_9 создал коммит 75525283
2025-01-24 17:16:38.443 - CI/CD CiCd_0 отправил коммит 666c3f2e преподавателю | Тесты прошли
2025-01-24 17:16:38.444 - CI/CD CiCd_4 начал обработку коммита a0ad5787
2025-01-24 17:16:38.575 - Студент Student_29 создал коммит caf6eef9
2025-01-24 17:16:38.827 - Студент Student_21 создал коммит cc746fed
2025-01-24 17:16:38.843 - CI/CD CiCd_3 отправил коммит 117daa22 преподавателю | Тесты прошли
2025-01-24 17:16:38.844 - CI/CD CiCd_3 начал обработку коммита 3639c939
2025-01-24 17:16:39.006 - Студент Student_27 создал коммит 4f4ae9d0
2025-01-24 17:16:39.039 - Студент Student_24 создал коммит 170d440d
2025-01-24 17:16:39.152 - Студент Student_13 создал коммит bf7d633e
2025-01-24 17:16:39.354 - Студент Student_5 создал коммит 63d43f17
2025-01-24 17:16:39.443 - CI/CD CiCd_3 отправил коммит 4d089b1c преподавателю | Тесты прошли
2025-01-24 17:16:39.444 - CI/CD CiCd_0 начал обработку коммита f5f6d964
2025-01-24 17:16:39.459 - Студент Student_8 создал коммит 5c3a59f4
2025-01-24 17:16:39.537 - Студент Student_17 создал коммит 78013091
2025-01-24 17:16:40.127 - CI/CD CiCd_4 отправил коммит 74d52ccf преподавателю | Тесты прошли
2025-01-24 17:16:40.128 - CI/CD CiCd_1 начал обработку коммита e5929c42
2025-01-24 17:16:40.174 - CI/CD CiCd_3 вернул коммит 191ab2fe студенту | Тесты не прошли
2025-01-24 17:16:40.174 - CI/CD CiCd_0 начал обработку коммита 666a622a
2025-01-24 17:16:40.332 - Студент Student_0 создал коммит a062fe8b
2025-01-24 17:16:40.363 - Студент Student_26 создал коммит 09fb3bea
2025-01-24 17:16:40.394 - CI/CD CiCd_4 отправил коммит a0ad5787 преподавателю | Тесты прошли
2025-01-24 17:16:40.396 - CI/CD CiCd_4 начал обработку коммита 8d4da680
2025-01-24 17:16:40.584 - Студент Student_25 создал коммит 93bec86a
2025-01-24 17:16:40.685 - Студент Student_15 создал коммит 23a6b7d7
2025-01-24 17:16:40.722 - Преподаватель Teacher_3 принял коммит 832329a8
2025-01-24 17:16:40.723 - Преподаватель Teacher_3 начал проверку коммита bd3cb880
2025-01-24 17:16:40.846 - Преподаватель Teacher_1 принял коммит 330a103c
2025-01-24 17:16:40.847 - Преподаватель Teacher_1 начал проверку коммита 666c3f2e
2025-01-24 17:16:41.114 - Студент Student_16 создал коммит 59dd65a0
2025-01-24 17:16:41.114 - Студент Student_14 создал коммит 72423e0d
2025-01-24 17:16:41.129 - Преподаватель Teacher_0 вернул коммит 680238ef на доработку
2025-01-24 17:16:41.131 - Преподаватель Teacher_0 начал проверку коммита 117daa22
2025-01-24 17:16:41.161 - Студент Student_28 создал коммит 5d5fc80c
2025-01-24 17:16:41.208 - CI/CD CiCd_0 отправил коммит f5f6d964 преподавателю | Тесты прошли
2025-01-24 17:16:41.208 - Преподаватель Teacher_2 вернул коммит 90fb89de на доработку
2025-01-24 17:16:41.209 - CI/CD CiCd_0 начал обработку коммита e0143e48
2025-01-24 17:16:41.211 - Преподаватель Teacher_2 начал проверку коммита 4d089b1c
2025-01-24 17:16:41.343 - Студент Student_20 создал коммит dd1fc90b
2025-01-24 17:16:41.468 - Студент Student_2 создал коммит ce57344f
2025-01-24 17:16:41.577 - Студент Student_4 создал коммит bec858ef
2025-01-24 17:16:41.624 - Студент Student_23 создал коммит 56f54e3b
2025-01-24 17:16:41.781 - Студент Student_12 создал коммит 9ecb2e09
2025-01-24 17:16:41.864 - Студент Student_10 создал коммит 4d062836
2025-01-24 17:16:41.945 - Студент Student_9 создал коммит 849b040a
2025-01-24 17:16:41.976 - Студент Student_1 создал коммит f55337ca
2025-01-24 17:16:42.062 - CI/CD CiCd_3 отправил коммит 3639c939 преподавателю | Тесты прошли
2025-01-24 17:16:42.062 - Студент Student_18 создал коммит 2acea84a
2025-01-24 17:16:42.063 - CI/CD CiCd_2 начал обработку коммита 3c7e16d1
2025-01-24 17:16:42.202 - Студент Student_6 создал коммит f3029e1e
2025-01-24 17:16:42.297 - Студент Student_19 создал коммит 26b44b3a
2025-01-24 17:16:42.547 - Студент Student_21 создал коммит c0bdbde5
2025-01-24 17:16:42.641 - Студент Student_29 создал коммит efd955af
2025-01-24 17:16:42.736 - CI/CD CiCd_4 отправил коммит 8d4da680 преподавателю | Тесты прошли
2025-01-24 17:16:42.736 - CI/CD CiCd_2 начал обработку коммита 7506829e
2025-01-24 17:16:42.892 - CI/CD CiCd_0 вернул коммит 666a622a студенту | Тесты не прошли
2025-01-24 17:16:42.892 - CI/CD CiCd_0 начал обработку коммита af97cd8a
2025-01-24 17:16:42.986 - CI/CD CiCd_1 отправил коммит e5929c42 преподавателю | Тесты прошли
2025-01-24 17:16:42.987 - CI/CD CiCd_1 начал обработку коммита 4156947d
2025-01-24 17:16:43.016 - Студент Student_11 создал коммит e804b94c
2025-01-24 17:16:43.033 - Студент Student_3 создал коммит 1b5e9866
2025-01-24 17:16:43.049 - Студент Student_13 создал коммит d020d3b5
2025-01-24 17:16:43.162 - Студент Student_7 создал коммит 68157d4e
2025-01-24 17:16:43.211 - Студент Student_24 создал коммит 2dbf2e6b
2025-01-24 17:16:43.277 - CI/CD CiCd_0 вернул коммит e0143e48 студенту | Тесты не прошли
2025-01-24 17:16:43.278 - CI/CD CiCd_0 начал обработку коммита 6e9ff772
2025-01-24 17:16:43.546 - Студент Student_22 создал коммит b2a107bf
2025-01-24 17:16:43.765 - CI/CD CiCd_2 вернул коммит 3c7e16d1 студенту | Тесты не прошли
2025-01-24 17:16:43.765 - Студент Student_5 создал коммит 7b730673
2025-01-24 17:16:43.766 - CI/CD CiCd_1 начал обработку коммита 36fb10a3
2025-01-24 17:16:44.015 - Студент Student_8 создал коммит 37ebe555
2025-01-24 17:16:44.031 - Студент Student_27 создал коммит 6f4b3685
2025-01-24 17:16:44.486 - CI/CD CiCd_2 вернул коммит 7506829e студенту | Тесты не прошли
2025-01-24 17:16:44.487 - CI/CD CiCd_0 начал обработку коммита 547fb45c
2025-01-24 17:16:44.583 - Студент Student_23 создал коммит 17b015e4
2025-01-24 17:16:44.885 - Студент Student_16 создал коммит 923372b6
2025-01-24 17:16:44.979 - CI/CD CiCd_0 отправил коммит 6e9ff772 преподавателю | Тесты прошли
2025-01-24 17:16:44.980 - CI/CD CiCd_3 начал обработку коммита 38708cbe
2025-01-24 17:16:44.995 - Студент Student_17 создал коммит 716f77d1
2025-01-24 17:16:45.010 - CI/CD CiCd_0 вернул коммит af97cd8a студенту | Тесты не прошли
2025-01-24 17:16:45.012 - CI/CD CiCd_1 начал обработку коммита 1e16612d
2025-01-24 17:16:45.230 - Преподаватель Teacher_1 вернул коммит 666c3f2e на доработку
2025-01-24 17:16:45.231 - Преподаватель Teacher_1 начал проверку коммита 74d52ccf
2025-01-24 17:16:45.401 - Преподаватель Teacher_2 принял коммит 4d089b1c
2025-01-24 17:16:45.402 - Преподаватель Teacher_2 начал проверку коммита a0ad5787
2025-01-24 17:16:45.432 - Студент Student_0 создал коммит 2cc5b2bc
2025-01-24 17:16:45.481 - Студент Student_26 создал коммит 17699180
2025-01-24 17:16:45.844 - Студент Student_29 создал коммит 4a9d0b62
2025-01-24 17:16:46.053 - Студент Student_9 создал коммит 10d7cd52
2025-01-24 17:16:46.278 - CI/CD CiCd_1 отправил коммит 4156947d преподавателю | Тесты прошли
2025-01-24 17:16:46.280 - CI/CD CiCd_2 начал обработку коммита 8218dce1
2025-01-24 17:16:46.342 - CI/CD CiCd_1 отправил коммит 36fb10a3 преподавателю | Тесты прошли
2025-01-24 17:16:46.343 - CI/CD CiCd_4 начал обработку коммита a9e54079
2025-01-24 17:16:46.373 - CI/CD CiCd_0 отправил коммит 547fb45c преподавателю | Тесты прошли
2025-01-24 17:16:46.376 - CI/CD CiCd_1 начал обработку коммита 28f8ddca
2025-01-24 17:16:46.684 - Преподаватель Teacher_0 вернул коммит 117daa22 на доработку
2025-01-24 17:16:46.685 - Преподаватель Teacher_0 начал проверку коммита f5f6d964
2025-01-24 17:16:46.731 - Преподаватель Teacher_3 принял коммит bd3cb880
2025-01-24 17:16:46.732 - Преподаватель Teacher_3 начал проверку коммита 3639c939
2025-01-24 17:16:46.872 - CI/CD CiCd_3 отправил коммит 38708cbe преподавателю | Тесты прошли
2025-01-24 17:16:46.873 - CI/CD CiCd_1 начал обработку коммита ae231e2a
2025-01-24 17:16:46.887 - Студент Student_3 создал коммит ace71b79
2025-01-24 17:16:46.918 - Студент Student_20 создал коммит f6c46348
2025-01-24 17:16:47.152 - Студент Student_25 создал коммит 76fe2a7f
2025-01-24 17:16:47.274 - Студент Student_21 создал коммит d4a0638e
2025-01-24 17:16:47.313 - Студент Student_14 создал коммит b1b8ff22
2025-01-24 17:16:47.597 - Студент Student_13 создал коммит ab63e016
2025-01-24 17:16:47.645 - Студент Student_28 создал коммит 447a218a
2025-01-24 17:16:47.754 - CI/CD CiCd_1 отправил коммит 1e16612d преподавателю | Тесты прошли
2025-01-24 17:16:47.755 - CI/CD CiCd_3 начал обработку коммита d5c3ee97
2025-01-24 17:16:47.878 - Студент Student_2 создал коммит 9bf299bb
2025-01-24 17:16:47.956 - Студент Student_24 создал коммит d3e382e8
2025-01-24 17:16:47.972 - CI/CD CiCd_4 отправил коммит a9e54079 преподавателю | Тесты прошли
2025-01-24 17:16:47.972 - CI/CD CiCd_4 начал обработку коммита e55fec7b
2025-01-24 17:16:48.107 - Студент Student_16 создал коммит be94c9b2
2025-01-24 17:16:48.310 - Студент Student_4 создал коммит 7c17444c
2025-01-24 17:16:48.418 - Студент Student_23 создал коммит f8dd269b
2025-01-24 17:16:48.660 - Студент Student_15 создал коммит 22e53568
2025-01-24 17:16:48.795 - CI/CD CiCd_1 отправил коммит ae231e2a преподавателю | Тесты прошли
2025-01-24 17:16:48.795 - CI/CD CiCd_4 начал обработку коммита 4aa8d269
2025-01-24 17:16:49.093 - Студент Student_18 создал коммит 68af46ac
2025-01-24 17:16:49.218 - Студент Student_8 создал коммит 440aa4e3
2025-01-24 17:16:49.296 - Студент Student_29 создал коммит a59dacb4
2025-01-24 17:16:49.327 - CI/CD CiCd_3 отправил коммит d5c3ee97 преподавателю | Тесты прошли
2025-01-24 17:16:49.328 - CI/CD CiCd_0 начал обработку коммита 75525283
2025-01-24 17:16:49.344 - Студент Student_27 создал коммит 9edcd3e2
2025-01-24 17:16:49.418 - Студент Student_1 создал коммит 49b23f2f
2025-01-24 17:16:49.512 - CI/CD CiCd_2 вернул коммит 8218dce1 студенту | Тесты не прошли
2025-01-24 17:16:49.512 - CI/CD CiCd_2 начал обработку коммита caf6eef9
2025-01-24 17:16:49.559 - CI/CD CiCd_1 отправил коммит 28f8ddca преподавателю | Тесты прошли
2025-01-24 17:16:49.560 - CI/CD CiCd_2 начал обработку коммита cc746fed
2025-01-24 17:16:49.682 - Студент Student_12 создал коммит 7e0281ee
2025-01-24 17:16:49.714 - CI/CD CiCd_4 вернул коммит e55fec7b студенту | Тесты не прошли
2025-01-24 17:16:49.715 - CI/CD CiCd_0 начал обработку коммита 4f4ae9d0
2025-01-24 17:16:49.729 - Студент Student_10 создал коммит d5a5fac8
2025-01-24 17:16:49.808 - Студент Student_5 создал коммит 9dd56fb7
2025-01-24 17:16:49.871 - Студент Student_6 создал коммит 6b81a2ed
2025-01-24 17:16:50.070 - Преподаватель Teacher_2 принял коммит a0ad5787
2025-01-24 17:16:50.071 - Преподаватель Teacher_2 начал проверку коммита 8d4da680
2025-01-24 17:16:50.104 - Студент Student_9 создал коммит 1d9dc901
2025-01-24 17:16:50.356 - CI/CD CiCd_4 отправил коммит 4aa8d269 преподавателю | Тесты прошли
2025-01-24 17:16:50.357 - CI/CD CiCd_2 начал обработку коммита 170d440d
2025-01-24 17:16:50.437 - Преподаватель Teacher_1 вернул коммит 74d52ccf на доработку
2025-01-24 17:16:50.437 - Преподаватель Teacher_1 начал проверку коммита e5929c42
2025-01-24 17:16:50.583 - Студент Student_3 создал коммит b8be7b6c
2025-01-24 17:16:50.757 - Студент Student_17 создал коммит a6e9b46d
2025-01-24 17:16:50.757 - Студент Student_11 создал коммит 99e8ab9c
2025-01-24 17:16:50.992 - Студент Student_7 создал коммит 2dce1f5b
2025-01-24 17:16:51.195 - Студент Student_13 создал коммит f60c7c03
2025-01-24 17:16:51.275 - Студент Student_23 создал коммит 064f4f66
2025-01-24 17:16:51.324 - Студент Student_22 создал коммит 1ef2a0e0
2025-01-24 17:16:51.377 - CI/CD CiCd_0 вернул коммит 75525283 студенту | Тесты не прошли
2025-01-24 17:16:51.377 - CI/CD CiCd_2 вернул коммит caf6eef9 студенту | Тесты не прошли
2025-01-24 17:16:51.378 - CI/CD CiCd_1 начал обработку коммита bf7d633e
2025-01-24 17:16:51.379 - CI/CD CiCd_3 начал обработку коммита 63d43f17
2025-01-24 17:16:51.513 - Студент Student_19 создал коммит ca80d468
2025-01-24 17:16:51.613 - Студент Student_0 создал коммит a716093b
2025-01-24 17:16:51.833 - CI/CD CiCd_0 вернул коммит 4f4ae9d0 студенту | Тесты не прошли
2025-01-24 17:16:51.835 - CI/CD CiCd_4 начал обработку коммита 5c3a59f4
2025-01-24 17:16:51.833 - CI/CD CiCd_2 отправил коммит cc746fed преподавателю | Тесты прошли
2025-01-24 17:16:51.836 - CI/CD CiCd_1 начал обработку коммита 78013091
2025-01-24 17:16:51.974 - Преподаватель Teacher_3 принял коммит 3639c939
2025-01-24 17:16:51.976 - Преподаватель Teacher_3 начал проверку коммита 6e9ff772
2025-01-24 17:16:52.162 - Студент Student_26 создал коммит 51f811a3
2025-01-24 17:16:52.272 - CI/CD CiCd_2 отправил коммит 170d440d преподавателю | Тесты прошли
2025-01-24 17:16:52.273 - CI/CD CiCd_1 начал обработку коммита a062fe8b
2025-01-24 17:16:52.475 - Студент Student_29 создал коммит 9f8a7076
2025-01-24 17:16:52.538 - Студент Student_16 создал коммит a5fcdb5c
2025-01-24 17:16:52.587 - Студент Student_21 создал коммит 46799e8e
2025-01-24 17:16:52.654 - Преподаватель Teacher_0 принял коммит f5f6d964
2025-01-24 17:16:52.655 - Преподаватель Teacher_0 начал проверку коммита 4156947d
2025-01-24 17:16:52.736 - Студент Student_24 создал коммит 462e3b52
2025-01-24 17:16:52.994 - CI/CD CiCd_3 отправил коммит 63d43f17 преподавателю | Тесты прошли
2025-01-24 17:16:52.995 - CI/CD CiCd_4 начал обработку коммита 09fb3bea
2025-01-24 17:16:53.368 - CI/CD CiCd_1 отправил коммит bf7d633e преподавателю | Тесты прошли
2025-01-24 17:16:53.369 - CI/CD CiCd_2 начал обработку коммита 93bec86a
2025-01-24 17:16:53.944 - Студент Student_9 создал коммит fd2bde85
2025-01-24 17:16:53.944 - Студент Student_20 создал коммит e3d6e04b
2025-01-24 17:16:53.995 - Студент Student_8 создал коммит 28abccf4
2025-01-24 17:16:54.047 - Студент Student_28 создал коммит 10cd6e31
2025-01-24 17:16:54.063 - Студент Student_25 создал коммит bbbd19a2
2025-01-24 17:16:54.215 - Студент Student_2 создал коммит 42490c5f
2025-01-24 17:16:54.324 - Студент Student_14 создал коммит 878e4b11
2025-01-24 17:16:54.560 - Студент Student_23 создал коммит ec99af37
2025-01-24 17:16:54.654 - Преподаватель Teacher_1 вернул коммит e5929c42 на доработку
2025-01-24 17:16:54.654 - Преподаватель Teacher_1 начал проверку коммита 36fb10a3
2025-01-24 17:16:54.781 - CI/CD CiCd_4 вернул коммит 5c3a59f4 студенту | Тесты не прошли
2025-01-24 17:16:54.781 - Студент Student_13 создал коммит 32bcedce
2025-01-24 17:16:54.781 - CI/CD CiCd_0 начал обработку коммита 23a6b7d7
2025-01-24 17:16:54.907 - Студент Student_3 создал коммит cb26f393
2025-01-24 17:16:54.938 - CI/CD CiCd_1 отправил коммит a062fe8b преподавателю | Тесты прошли
2025-01-24 17:16:54.938 - CI/CD CiCd_0 начал обработку коммита 59dd65a0
2025-01-24 17:16:55.110 - CI/CD CiCd_1 отправил коммит 78013091 преподавателю | Тесты прошли
2025-01-24 17:16:55.111 - CI/CD CiCd_4 начал обработку коммита 72423e0d
2025-01-24 17:16:55.189 - CI/CD CiCd_4 отправил коммит 09fb3bea преподавателю | Тесты прошли
2025-01-24 17:16:55.189 - CI/CD CiCd_2 начал обработку коммита 5d5fc80c
2025-01-24 17:16:55.221 - Студент Student_27 создал коммит dbd6491e
2025-01-24 17:16:55.465 - Студент Student_5 создал коммит eb281717
2025-01-24 17:16:55.580 - Преподаватель Teacher_2 принял коммит 8d4da680
2025-01-24 17:16:55.581 - Преподаватель Teacher_2 начал проверку коммита 547fb45c
2025-01-24 17:16:55.753 - Студент Student_4 создал коммит b05c7ee7
2025-01-24 17:16:56.101 - CI/CD CiCd_2 вернул коммит 93bec86a студенту | Тесты не прошли
2025-01-24 17:16:56.101 - CI/CD CiCd_1 начал обработку коммита dd1fc90b
2025-01-24 17:16:56.163 - Студент Student_15 создал коммит 6546fcba
2025-01-24 17:16:56.226 - Студент Student_17 создал коммит c2b67576
2025-01-24 17:16:56.257 - Студент Student_12 создал коммит 9fd85182
2025-01-24 17:16:56.398 - Студент Student_18 создал коммит 7ca0c9ce
2025-01-24 17:16:56.523 - Студент Student_29 создал коммит 977577ec
2025-01-24 17:16:56.899 - Студент Student_16 создал коммит 9871dc05
2025-01-24 17:16:56.930 - CI/CD CiCd_0 вернул коммит 23a6b7d7 студенту | Тесты не прошли
2025-01-24 17:16:56.931 - CI/CD CiCd_2 начал обработку коммита ce57344f
2025-01-24 17:16:56.946 - Студент Student_26 создал коммит d53e4107
2025-01-24 17:16:57.150 - Студент Student_21 создал коммит c8797f31
2025-01-24 17:16:57.181 - CI/CD CiCd_2 вернул коммит 5d5fc80c студенту | Тесты не прошли
2025-01-24 17:16:57.181 - CI/CD CiCd_1 начал обработку коммита bec858ef
2025-01-24 17:16:57.196 - Преподаватель Teacher_3 принял коммит 6e9ff772
2025-01-24 17:16:57.197 - Преподаватель Teacher_3 начал проверку коммита 38708cbe
2025-01-24 17:16:57.337 - Студент Student_1 создал коммит 176c6a2b
2025-01-24 17:16:57.700 - Преподаватель Teacher_0 вернул коммит 4156947d на доработку
2025-01-24 17:16:57.701 - Преподаватель Teacher_0 начал проверку коммита 1e16612d
2025-01-24 17:16:57.795 - CI/CD CiCd_0 отправил коммит 59dd65a0 преподавателю | Тесты прошли
2025-01-24 17:16:57.795 - CI/CD CiCd_4 начал обработку коммита 56f54e3b
2025-01-24 17:16:57.921 - Студент Student_23 создал коммит fa9477ae
2025-01-24 17:16:58.058 - Студент Student_13 создал коммит dcf8f9a6
2025-01-24 17:16:58.092 - Студент Student_24 создал коммит 24c25844
2025-01-24 17:16:58.108 - Студент Student_3 создал коммит 5fa09c39
2025-01-24 17:16:58.155 - Студент Student_11 создал коммит 2e8bdebb
2025-01-24 17:16:58.155 - Студент Student_10 создал коммит 2921c7ae
2025-01-24 17:16:58.211 - Студент Student_0 создал коммит 5c391f76
2025-01-24 17:16:58.351 - CI/CD CiCd_1 отправил коммит dd1fc90b преподавателю | Тесты прошли
2025-01-24 17:16:58.352 - CI/CD CiCd_0 начал обработку коммита 9ecb2e09
2025-01-24 17:16:58.493 - Начало процесса завершения работы...
2025-01-24 17:16:58.539 - CI/CD CiCd_4 отправил коммит 72423e0d преподавателю | Тесты прошли
2025-01-24 17:16:59.414 - Преподаватель Teacher_1 принял коммит 36fb10a3
2025-01-24 17:16:59.942 - CI/CD CiCd_4 отправил коммит 56f54e3b преподавателю | Тесты прошли
2025-01-24 17:17:00.099 - CI/CD CiCd_2 отправил коммит ce57344f преподавателю | Тесты прошли
2025-01-24 17:17:00.539 - CI/CD CiCd_0 отправил коммит 9ecb2e09 преподавателю | Тесты прошли
2025-01-24 17:17:00.672 - CI/CD CiCd_1 отправил коммит bec858ef преподавателю | Тесты прошли
2025-01-24 17:17:01.333 - Преподаватель Teacher_2 принял коммит 547fb45c
2025-01-24 17:17:01.968 - Преподаватель Teacher_0 принял коммит 1e16612d
2025-01-24 17:17:03.167 - Преподаватель Teacher_3 вернул коммит 38708cbe на доработку
2025-01-24 17:17:03.197 - Все задачи успешно завершены за 4703мс
2025-01-24 17:17:03.198 - Координатор остановлен
