
=== ИТОГОВАЯ СТАТИСТИКА РАБОТЫ СИСТЕМЫ ===

ОБЩИЕ ПОКАЗАТЕЛИ:
Всего создано коммитов: 144
Всего обработано CI/CD: 54
Успешных сборок: 39 (72,22%)
Неудачных сборок: 15 (27,78%)

СТАТИСТИКА ПО СТУДЕНТАМ:
Среднее количество коммитов на студента: 4,80

Топ-5 самых активных студентов:
Student_23: 8 коммитов
Student_3: 7 коммитов
Student_16: 7 коммитов
Student_29: 7 коммитов
Student_13: 7 коммитов

СТАТИСТИКА ПО CI/CD ПРОЦЕССОРАМ:

CiCd_0:
  Обработано коммитов: 13
  Успешных сборок: 7 (53,85%)
  Неудачных сборок: 6 (46,15%)

CiCd_1:
  Обработано коммитов: 11
  Успешных сборок: 11 (100,00%)
  Неудачных сборок: 0 (0,00%)

CiCd_2:
  Обработано коммитов: 9
  Успешных сборок: 3 (33,33%)
  Неудачных сборок: 6 (66,67%)

CiCd_3:
  Обработано коммитов: 10
  Успешных сборок: 9 (90,00%)
  Неудачных сборок: 1 (10,00%)

CiCd_4:
  Обработано коммитов: 11
  Успешных сборок: 9 (81,82%)
  Неудачных сборок: 2 (18,18%)

СТАТИСТИКА ПО ПРЕПОДАВАТЕЛЯМ:

Teacher_0:
  Проверено коммитов: 5
  Возвращено на доработку: 3
  Процент возврата: 60,00%

Teacher_1:
  Проверено коммитов: 5
  Возвращено на доработку: 3
  Процент возврата: 60,00%

Teacher_2:
  Проверено коммитов: 5
  Возвращено на доработку: 1
  Процент возврата: 20,00%

Teacher_3:
  Проверено коммитов: 5
  Возвращено на доработку: 1
  Процент возврата: 20,00%

СТАТИСТИКА ОЧЕРЕДЕЙ:

CI/CD:
  Текущая длина: 90
  Максимальная длина: 91
  Средняя длина: 57,66

Return:
  Текущая длина: 22
  Максимальная длина: 22
  Средняя длина: 10,93

Teacher:
  Текущая длина: 19
  Максимальная длина: 19
  Средняя длина: 8,99

Время работы системы: 00:00:28.751

